app/build/outputs/logs/manifest-merger-release-report.txt
-- Merging decision tree log ---
manifest
ADDED from src/main/AndroidManifest.xml:2:1-106:12
	package
		ADDED from src/main/AndroidManifest.xml:3:5-42
		INJECTED from src/main/AndroidManifest.xml
		INJECTED from src/main/AndroidManifest.xml
	android:versionName
		ADDED from src/main/AndroidManifest.xml:5:5-32
		INJECTED from src/main/AndroidManifest.xml
		INJECTED from src/main/AndroidManifest.xml
	android:versionCode
		ADDED from src/main/AndroidManifest.xml:4:5-29
		INJECTED from src/main/AndroidManifest.xml
		INJECTED from src/main/AndroidManifest.xml
	xmlns:android
		ADDED from src/main/AndroidManifest.xml:2:11-69
uses-permission#android.permission.WRITE_EXTERNAL_STORAGE
ADDED from src/main/AndroidManifest.xml:7:5-81
MERGED from [com.tom_roush:pdfbox-android:1.8.10.0] AndroidManifest.xml:11:5-81
	android:name
		ADDED from src/main/AndroidManifest.xml:7:22-78
uses-permission#android.permission.EXPAND_STATUS_BAR
ADDED from src/main/AndroidManifest.xml:8:6-76
	android:name
		ADDED from src/main/AndroidManifest.xml:8:23-74
uses-permission#android.permission.INTERNET
ADDED from src/main/AndroidManifest.xml:9:5-67
	android:name
		ADDED from src/main/AndroidManifest.xml:9:22-64
uses-sdk
ADDED from src/main/AndroidManifest.xml:10:5-12:41
MERGED from [com.github.stkent:amplify:2.2.0] AndroidManifest.xml:8:5-10:41
MERGED from [com.android.support:appcompat-v7:21.0.3] AndroidManifest.xml:15:5-42
MERGED from [com.android.support:support-v4:21.0.3] AndroidManifest.xml:15:5-42
MERGED from [com.tom_roush:pdfbox-android:1.8.10.0] AndroidManifest.xml:7:5-9:41
MERGED from [com.github.angads25:filepicker:1.1.1] AndroidManifest.xml:7:5-9:41
MERGED from [net.margaritov.preference.colorpicker.ColorPickerPreference:ColorPickerPreference:1.0.0] AndroidManifest.xml:7:5-9:41
	android:targetSdkVersion
		ADDED from src/main/AndroidManifest.xml:12:9-38
		INJECTED from src/main/AndroidManifest.xml
		INJECTED from src/main/AndroidManifest.xml
	android:minSdkVersion
		ADDED from src/main/AndroidManifest.xml:11:9-35
		INJECTED from src/main/AndroidManifest.xml
		INJECTED from src/main/AndroidManifest.xml
application
ADDED from src/main/AndroidManifest.xml:14:5-104:19
MERGED from [com.github.stkent:amplify:2.2.0] AndroidManifest.xml:12:5-20
MERGED from [com.android.support:appcompat-v7:21.0.3] AndroidManifest.xml:16:5-19
MERGED from [com.android.support:support-v4:21.0.3] AndroidManifest.xml:16:5-19
	android:label
		ADDED from src/main/AndroidManifest.xml:19:9-41
	android:hardwareAccelerated
		ADDED from src/main/AndroidManifest.xml:15:9-43
	android:allowBackup
		ADDED from src/main/AndroidManifest.xml:17:9-35
	android:icon
		ADDED from src/main/AndroidManifest.xml:18:9-45
	android:theme
		ADDED from src/main/AndroidManifest.xml:20:9-40
	android:name
		ADDED from src/main/AndroidManifest.xml:16:9-49
activity#com.mschlauch.comfortreader.FullscreenActivity
ADDED from src/main/AndroidManifest.xml:21:9-35:16
	android:configChanges
		ADDED from src/main/AndroidManifest.xml:23:13-74
	android:theme
		ADDED from src/main/AndroidManifest.xml:24:13-51
	android:name
		ADDED from src/main/AndroidManifest.xml:22:13-47
intent-filter#android.intent.action.MAIN+android.intent.category.LAUNCHER
ADDED from src/main/AndroidManifest.xml:26:13-31:29
action#android.intent.action.MAIN
ADDED from src/main/AndroidManifest.xml:27:17-69
	android:name
		ADDED from src/main/AndroidManifest.xml:27:25-66
category#android.intent.category.LAUNCHER
ADDED from src/main/AndroidManifest.xml:29:17-77
	android:name
		ADDED from src/main/AndroidManifest.xml:29:27-74
activity#com.mschlauch.comfortreader.BroadcastReceiverTest1Activity
ADDED from src/main/AndroidManifest.xml:37:9-56:20
	android:label
		ADDED from src/main/AndroidManifest.xml:38:13-45
	android:name
		ADDED from src/main/AndroidManifest.xml:39:13-59
intent-filter#android.intent.action.VIEW+android.intent.category.BROWSABLE+android.intent.category.DEFAULT
ADDED from src/main/AndroidManifest.xml:40:13-53:29
action#android.intent.action.VIEW
ADDED from src/main/AndroidManifest.xml:42:17-69
	android:name
		ADDED from src/main/AndroidManifest.xml:42:25-66
category#android.intent.category.DEFAULT
ADDED from src/main/AndroidManifest.xml:43:17-76
	android:name
		ADDED from src/main/AndroidManifest.xml:43:27-73
category#android.intent.category.BROWSABLE
ADDED from src/main/AndroidManifest.xml:44:17-78
	android:name
		ADDED from src/main/AndroidManifest.xml:44:27-75
data
ADDED from src/main/AndroidManifest.xml:45:17-47
	android:scheme
		ADDED from src/main/AndroidManifest.xml:45:23-44
activity#com.mschlauch.comfortreader.BroadcastReceiverWebLink
ADDED from src/main/AndroidManifest.xml:58:9-70:20
	android:label
		ADDED from src/main/AndroidManifest.xml:59:13-45
	android:name
		ADDED from src/main/AndroidManifest.xml:60:13-53
intent-filter#android.intent.action.SEND+android.intent.category.DEFAULT
ADDED from src/main/AndroidManifest.xml:63:13-67:29
	android:label
		ADDED from src/main/AndroidManifest.xml:63:29-80
action#android.intent.action.SEND
ADDED from src/main/AndroidManifest.xml:64:17-69
	android:name
		ADDED from src/main/AndroidManifest.xml:64:25-66
activity#com.mschlauch.comfortreader.CRPreferenceActivity
ADDED from src/main/AndroidManifest.xml:75:9-88:20
	android:label
		ADDED from src/main/AndroidManifest.xml:77:13-60
	android:parentActivityName
		ADDED from src/main/AndroidManifest.xml:78:13-61
	android:name
		ADDED from src/main/AndroidManifest.xml:76:13-49
meta-data#android.support.PARENT_ACTIVITY
ADDED from src/main/AndroidManifest.xml:79:13-81:82
	android:value
		ADDED from src/main/AndroidManifest.xml:81:17-79
	android:name
		ADDED from src/main/AndroidManifest.xml:80:17-63
intent-filter#android.intent.category.DEFAULT+com.mschlauch.comfortreader.CRPreferenceActivity
ADDED from src/main/AndroidManifest.xml:83:13-87:29
action#com.mschlauch.comfortreader.CRPreferenceActivity
ADDED from src/main/AndroidManifest.xml:84:17-91
	android:name
		ADDED from src/main/AndroidManifest.xml:84:25-88
activity#com.mschlauch.comfortreader.NoteActivity
ADDED from src/main/AndroidManifest.xml:89:9-103:20
	android:label
		ADDED from src/main/AndroidManifest.xml:91:13-56
	android:parentActivityName
		ADDED from src/main/AndroidManifest.xml:92:13-61
	android:name
		ADDED from src/main/AndroidManifest.xml:90:13-41
intent-filter#android.intent.category.DEFAULT+com.mschlauch.comfortreader.NoteActivity
ADDED from src/main/AndroidManifest.xml:97:14-101:29
action#com.mschlauch.comfortreader.NoteActivity
ADDED from src/main/AndroidManifest.xml:98:17-83
	android:name
		ADDED from src/main/AndroidManifest.xml:98:25-80
uses-permission#android.permission.READ_EXTERNAL_STORAGE
ADDED from [com.github.angads25:filepicker:1.1.1] AndroidManifest.xml:11:5-80
	android:name
		ADDED from [com.github.angads25:filepicker:1.1.1] AndroidManifest.xml:11:22-77